<?xml version="1.0" encoding="UTF-8"?>
<!-- Generated by org.testng.reporters.JUnitXMLReporter -->
<testsuite ignored="0" hostname="DESKTOP-UE7S7AN" failures="0" tests="1" name="Test" time="0.388" errors="0" timestamp="2024-01-05T11:01:35 IST">
  <testcase classname="com.utility.BaseClass" name="@BeforeClass setup" time="0.032">
    <failure type="io.appium.java_client.service.local.InvalidServerInstanceException" message="The main Appium script does not exist at &amp;apos;C:\Users\Jagadish\AppData\Roaming\npm\node_modules\appium\build\lib\main.js&amp;apos;">
      <![CDATA[io.appium.java_client.service.local.InvalidServerInstanceException: The main Appium script does not exist at 'C:\Users\Jagadish\AppData\Roaming\npm\node_modules\appium\build\lib\main.js'
at io.appium.java_client.service.local.AppiumServiceBuilder.validatePath(AppiumServiceBuilder.java:131)
at io.appium.java_client.service.local.AppiumServiceBuilder.loadPathToMainScript(AppiumServiceBuilder.java:295)
at io.appium.java_client.service.local.AppiumServiceBuilder.createArgs(AppiumServiceBuilder.java:362)
at io.appium.java_client.service.local.AppiumServiceBuilder.createArgs(AppiumServiceBuilder.java:56)
at org.openqa.selenium.remote.service.DriverService$Builder.build(DriverService.java:506)
at com.utility.BaseClass.setup(BaseClass.java:34)
at java.base/java.util.ArrayList.forEach(ArrayList.java:1511)
... Removed 25 stack frames]]>
    </failure>
  </testcase> <!-- @BeforeClass setup -->
  <testcase classname="com.utility.BaseClass" name="@BeforeMethod takeScreenshot" time="0.0">
    <skipped/>
  </testcase> <!-- @BeforeMethod takeScreenshot -->
  <testcase classname="testclass.registerTest" name="validverifytest" time="0.0">
    <skipped/>
  </testcase> <!-- validverifytest -->
</testsuite> <!-- Test -->
